<?xml version="1.0" encoding="UTF-8"?>
<!-- Generated by org.testng.reporters.JUnitXMLReporter -->
<testsuite hostname="Ankush" ignored="0" name="Default test" tests="4" failures="0" timestamp="07 Nov 2023 07:13:03 GMT" time="0.185" errors="0">
  <testcase name="cart" time="0.079" classname="Day23.FirstTest"/>
  <testcase name="code" time="0.004" classname="Day23.FirstTest"/>
  <testcase name="login" time="0.004" classname="Day23.FirstTest"/>
  <testcase name="logout" time="0.003" classname="Day23.FirstTest"/>
</testsuite> <!-- Default test -->
