<?xml version="1.0" encoding="UTF-8"?>
<!-- Generated by org.testng.reporters.JUnitXMLReporter -->
<testsuite hostname="Ankush" ignored="1" name="Test" tests="2" failures="0" timestamp="08 Nov 2023 02:11:40 GMT" time="0.162" errors="0">
  <testcase name="app" time="0.054" classname="Day23.ThirdTest"/>
  <testcase name="paymebt" time="0.006" classname="Day23.ThirdTest"/>
  <testcase name="application" time="0.0" classname="Day23.ThirdTest">
    <ignored/>
  </testcase> <!-- application -->
</testsuite> <!-- Test -->
